<?xml version="1.0" encoding="UTF-8"?>
<!-- Generated by org.testng.reporters.JUnitXMLReporter -->
<testsuite ignored="0" hostname="DESKTOP-LV13OB6" failures="0" tests="3" name="Default test" time="35.258" errors="0" timestamp="2023-05-09T17:18:18 IST">
  <testcase classname="com.mystore.testcases.HomePageTest" name="SignOutTest" time="6.328"/>
  <testcase classname="com.mystore.testcases.HomePageTest" name="navigateToMyAccountPage" time="6.915"/>
  <testcase classname="com.mystore.testcases.HomePageTest" name="navigateToMyWishList" time="6.319"/>
</testsuite> <!-- Default test -->
