<?xml version="1.0" encoding="UTF-8"?>
<testng-results ignored="0" total="3" passed="3" failed="0" skipped="0">
  <reporter-output>
  </reporter-output>
  <suite started-at="2023-05-09T17:17:42 IST" name="Default suite" finished-at="2023-05-09T17:18:17 IST" duration-ms="35258">
    <groups>
    </groups>
    <test started-at="2023-05-09T17:17:42 IST" name="Default test" finished-at="2023-05-09T17:18:17 IST" duration-ms="35258">
      <class name="com.mystore.testcases.HomePageTest">
        <test-method is-config="true" signature="loadConfig()[pri:0, instance:com.mystore.testcases.HomePageTest@1d2adfbe]" started-at="2023-05-09T17:17:42 IST" name="loadConfig" finished-at="2023-05-09T17:17:42 IST" duration-ms="10" status="PASS">
          <reporter-output>
          </reporter-output>
        </test-method> <!-- loadConfig -->
        <test-method is-config="true" signature="setUp()[pri:0, instance:com.mystore.testcases.HomePageTest@1d2adfbe]" started-at="2023-05-09T17:17:42 IST" name="setUp" finished-at="2023-05-09T17:17:49 IST" duration-ms="6399" status="PASS">
          <reporter-output>
          </reporter-output>
        </test-method> <!-- setUp -->
        <test-method signature="SignOutTest()[pri:0, instance:com.mystore.testcases.HomePageTest@1d2adfbe]" started-at="2023-05-09T17:17:49 IST" name="SignOutTest" finished-at="2023-05-09T17:17:55 IST" duration-ms="6328" status="PASS">
          <reporter-output>
          </reporter-output>
        </test-method> <!-- SignOutTest -->
        <test-method is-config="true" signature="tearDown()[pri:0, instance:com.mystore.testcases.HomePageTest@1d2adfbe]" started-at="2023-05-09T17:17:55 IST" name="tearDown" finished-at="2023-05-09T17:17:56 IST" duration-ms="574" status="PASS">
          <reporter-output>
          </reporter-output>
        </test-method> <!-- tearDown -->
        <test-method is-config="true" signature="setUp()[pri:0, instance:com.mystore.testcases.HomePageTest@1d2adfbe]" started-at="2023-05-09T17:17:56 IST" name="setUp" finished-at="2023-05-09T17:17:59 IST" duration-ms="3873" status="PASS">
          <reporter-output>
          </reporter-output>
        </test-method> <!-- setUp -->
        <test-method signature="navigateToMyAccountPage()[pri:0, instance:com.mystore.testcases.HomePageTest@1d2adfbe]" started-at="2023-05-09T17:17:59 IST" name="navigateToMyAccountPage" finished-at="2023-05-09T17:18:06 IST" duration-ms="6915" status="PASS">
          <reporter-output>
          </reporter-output>
        </test-method> <!-- navigateToMyAccountPage -->
        <test-method is-config="true" signature="tearDown()[pri:0, instance:com.mystore.testcases.HomePageTest@1d2adfbe]" started-at="2023-05-09T17:18:06 IST" name="tearDown" finished-at="2023-05-09T17:18:07 IST" duration-ms="487" status="PASS">
          <reporter-output>
          </reporter-output>
        </test-method> <!-- tearDown -->
        <test-method is-config="true" signature="setUp()[pri:0, instance:com.mystore.testcases.HomePageTest@1d2adfbe]" started-at="2023-05-09T17:18:07 IST" name="setUp" finished-at="2023-05-09T17:18:11 IST" duration-ms="3802" status="PASS">
          <reporter-output>
          </reporter-output>
        </test-method> <!-- setUp -->
        <test-method signature="navigateToMyWishList()[pri:0, instance:com.mystore.testcases.HomePageTest@1d2adfbe]" started-at="2023-05-09T17:18:11 IST" name="navigateToMyWishList" finished-at="2023-05-09T17:18:17 IST" duration-ms="6319" status="PASS">
          <reporter-output>
          </reporter-output>
        </test-method> <!-- navigateToMyWishList -->
        <test-method is-config="true" signature="tearDown()[pri:0, instance:com.mystore.testcases.HomePageTest@1d2adfbe]" started-at="2023-05-09T17:18:17 IST" name="tearDown" finished-at="2023-05-09T17:18:17 IST" duration-ms="489" status="PASS">
          <reporter-output>
          </reporter-output>
        </test-method> <!-- tearDown -->
      </class> <!-- com.mystore.testcases.HomePageTest -->
    </test> <!-- Default test -->
  </suite> <!-- Default suite -->
</testng-results>
